editor/tree-sitter-ndk/toml/build/outputs/logs/manifest-merger-release-report.txt
-- Merging decision tree log ---
manifest
ADDED from ProcessLibraryManifest/debug/tempAndroidManifest3685462395415262757.xml:2:13-83
INJECTED from ProcessLibraryManifest/debug/tempAndroidManifest3685462395415262757.xml:2:13-83
	package
		INJECTED from ProcessLibraryManifest/debug/tempAndroidManifest3685462395415262757.xml
	xmlns:android
		ADDED from ProcessLibraryManifest/debug/tempAndroidManifest3685462395415262757.xml:2:23-81
uses-sdk
INJECTED from ProcessLibraryManifest/debug/tempAndroidManifest3685462395415262757.xml reason: use-sdk injection requested
INJECTED from ProcessLibraryManifest/debug/tempAndroidManifest3685462395415262757.xml
INJECTED from ProcessLibraryManifest/debug/tempAndroidManifest3685462395415262757.xml
	android:targetSdkVersion
		INJECTED from ProcessLibraryManifest/debug/tempAndroidManifest3685462395415262757.xml
	android:minSdkVersion
		INJECTED from ProcessLibraryManifest/debug/tempAndroidManifest3685462395415262757.xml